<?xml version="1.0" encoding="UTF-8"?>
<!-- Generated by org.testng.reporters.JUnitReportReporter -->
<testsuite hostname="cel01064" name="TestNGTest" tests="1" failures="0" timestamp="18 Oct 2018 20:30:24 GMT" time="40.343" errors="0">
  <testcase name="logInOptionWithOutCheckBox" time="40.343" classname="TestNGTest"/>
</testsuite> <!-- TestNGTest -->
